<?xml version="1.0" encoding="UTF-8"?>
<testng-results ignored="0" total="1" passed="1" failed="0" skipped="0">
  <reporter-output>
  </reporter-output>
  <suite started-at="2021-05-12T14:55:11 IST" name="Suite" finished-at="2021-05-12T14:55:26 IST" duration-ms="14660">
    <groups>
    </groups>
    <test started-at="2021-05-12T14:55:11 IST" name="Test" finished-at="2021-05-12T14:55:26 IST" duration-ms="14660">
      <class name="tests.NewTest">
        <test-method is-config="true" signature="beforeClass()[pri:0, instance:tests.NewTest@31f9b85e]" started-at="2021-05-12T14:55:11 IST" name="beforeClass" finished-at="2021-05-12T14:55:18 IST" duration-ms="6799" status="PASS">
          <reporter-output>
          </reporter-output>
        </test-method> <!-- beforeClass -->
        <test-method signature="openMyBlog()[pri:0, instance:tests.NewTest@31f9b85e]" started-at="2021-05-12T14:55:18 IST" name="openMyBlog" finished-at="2021-05-12T14:55:22 IST" duration-ms="4250" status="PASS">
          <reporter-output>
          </reporter-output>
        </test-method> <!-- openMyBlog -->
        <test-method is-config="true" signature="afterClass()[pri:0, instance:tests.NewTest@31f9b85e]" started-at="2021-05-12T14:55:22 IST" name="afterClass" finished-at="2021-05-12T14:55:26 IST" duration-ms="3538" status="PASS">
          <reporter-output>
          </reporter-output>
        </test-method> <!-- afterClass -->
      </class> <!-- tests.NewTest -->
    </test> <!-- Test -->
  </suite> <!-- Suite -->
</testng-results>
