<?xml version="1.0" encoding="UTF-8"?>
<testng-results ignored="0" total="1" passed="1" failed="0" skipped="0">
  <reporter-output>
  </reporter-output>
  <suite started-at="2021-05-12T14:30:32 IST" name="Default suite" finished-at="2021-05-12T14:30:57 IST" duration-ms="25222">
    <groups>
    </groups>
    <test started-at="2021-05-12T14:30:32 IST" name="Default test" finished-at="2021-05-12T14:30:57 IST" duration-ms="25222">
      <class name="tests.NewTest">
        <test-method is-config="true" signature="beforeClass()[pri:0, instance:tests.NewTest@2ed2d9cb]" started-at="2021-05-12T14:30:32 IST" name="beforeClass" finished-at="2021-05-12T14:30:42 IST" duration-ms="10556" status="PASS">
          <reporter-output>
          </reporter-output>
        </test-method> <!-- beforeClass -->
        <test-method signature="openMyBlog()[pri:0, instance:tests.NewTest@2ed2d9cb]" started-at="2021-05-12T14:30:42 IST" name="openMyBlog" finished-at="2021-05-12T14:30:53 IST" duration-ms="11092" status="PASS">
          <reporter-output>
          </reporter-output>
        </test-method> <!-- openMyBlog -->
        <test-method is-config="true" signature="afterClass()[pri:0, instance:tests.NewTest@2ed2d9cb]" started-at="2021-05-12T14:30:53 IST" name="afterClass" finished-at="2021-05-12T14:30:57 IST" duration-ms="3439" status="PASS">
          <reporter-output>
          </reporter-output>
        </test-method> <!-- afterClass -->
      </class> <!-- tests.NewTest -->
    </test> <!-- Default test -->
  </suite> <!-- Default suite -->
</testng-results>
